
blink.elf:     file format elf32-littleriscv


Disassembly of section .text:

10000000 <start>:
10000000:	00000093          	li	ra,0
10000004:	00000193          	li	gp,0
10000008:	00000213          	li	tp,0
1000000c:	00000293          	li	t0,0
10000010:	00000313          	li	t1,0
10000014:	00000393          	li	t2,0
10000018:	00000413          	li	s0,0
1000001c:	00000493          	li	s1,0
10000020:	00000513          	li	a0,0
10000024:	00000593          	li	a1,0
10000028:	00000613          	li	a2,0
1000002c:	00000693          	li	a3,0
10000030:	00000713          	li	a4,0
10000034:	00000793          	li	a5,0
10000038:	00000813          	li	a6,0
1000003c:	00000893          	li	a7,0
10000040:	00000913          	li	s2,0
10000044:	00000993          	li	s3,0
10000048:	00000a13          	li	s4,0
1000004c:	00000a93          	li	s5,0
10000050:	00000b13          	li	s6,0
10000054:	00000b93          	li	s7,0
10000058:	00000c13          	li	s8,0
1000005c:	00000c93          	li	s9,0
10000060:	00000d13          	li	s10,0
10000064:	00000d93          	li	s11,0
10000068:	00000e13          	li	t3,0
1000006c:	00000e93          	li	t4,0
10000070:	00000f13          	li	t5,0
10000074:	00000f93          	li	t6,0
10000078:	00000517          	auipc	a0,0x0
1000007c:	1a850513          	addi	a0,a0,424 # 10000220 <_etext>
10000080:	f1000597          	auipc	a1,0xf1000
10000084:	f8058593          	addi	a1,a1,-128 # 1000000 <_edata>
10000088:	f1000617          	auipc	a2,0xf1000
1000008c:	f7860613          	addi	a2,a2,-136 # 1000000 <_edata>
10000090:	00c5dc63          	bge	a1,a2,100000a8 <end_init_data>

10000094 <loop_init_data>:
10000094:	00052683          	lw	a3,0(a0)
10000098:	00d5a023          	sw	a3,0(a1)
1000009c:	00450513          	addi	a0,a0,4
100000a0:	00458593          	addi	a1,a1,4
100000a4:	fec5c8e3          	blt	a1,a2,10000094 <loop_init_data>

100000a8 <end_init_data>:
100000a8:	f1000517          	auipc	a0,0xf1000
100000ac:	f5850513          	addi	a0,a0,-168 # 1000000 <_edata>
100000b0:	f1000597          	auipc	a1,0xf1000
100000b4:	f5058593          	addi	a1,a1,-176 # 1000000 <_edata>
100000b8:	00b55863          	bge	a0,a1,100000c8 <end_init_bss>

100000bc <loop_init_bss>:
100000bc:	00052023          	sw	zero,0(a0)
100000c0:	00450513          	addi	a0,a0,4
100000c4:	feb54ce3          	blt	a0,a1,100000bc <loop_init_bss>

100000c8 <end_init_bss>:
100000c8:	0b4000ef          	jal	ra,1000017c <main>

100000cc <loop>:
100000cc:	0000006f          	j	100000cc <loop>

100000d0 <flashio_worker_begin>:
100000d0:	280002b7          	lui	t0,0x28000
100000d4:	12000313          	li	t1,288
100000d8:	00629023          	sh	t1,0(t0) # 28000000 <_etext+0x17fffde0>
100000dc:	000281a3          	sb	zero,3(t0)
100000e0:	02060863          	beqz	a2,10000110 <flashio_worker_L1>
100000e4:	00800f13          	li	t5,8
100000e8:	0ff67393          	andi	t2,a2,255

100000ec <flashio_worker_L4>:
100000ec:	0073de93          	srli	t4,t2,0x7
100000f0:	01d28023          	sb	t4,0(t0)
100000f4:	010eee93          	ori	t4,t4,16
100000f8:	01d28023          	sb	t4,0(t0)
100000fc:	00139393          	slli	t2,t2,0x1
10000100:	0ff3f393          	andi	t2,t2,255
10000104:	ffff0f13          	addi	t5,t5,-1
10000108:	fe0f12e3          	bnez	t5,100000ec <flashio_worker_L4>
1000010c:	00628023          	sb	t1,0(t0)

10000110 <flashio_worker_L1>:
10000110:	06058063          	beqz	a1,10000170 <flashio_worker_L3>
10000114:	02000f13          	li	t5,32
10000118:	00052383          	lw	t2,0(a0)

1000011c <flashio_worker_LY>:
1000011c:	00800f93          	li	t6,8

10000120 <flashio_worker_L2>:
10000120:	01f3de93          	srli	t4,t2,0x1f
10000124:	01d28023          	sb	t4,0(t0)
10000128:	010eee93          	ori	t4,t4,16
1000012c:	01d28023          	sb	t4,0(t0)
10000130:	0002ce83          	lbu	t4,0(t0)
10000134:	002efe93          	andi	t4,t4,2
10000138:	001ede93          	srli	t4,t4,0x1
1000013c:	00139393          	slli	t2,t2,0x1
10000140:	01d3e3b3          	or	t2,t2,t4
10000144:	ffff0f13          	addi	t5,t5,-1
10000148:	000f1863          	bnez	t5,10000158 <flashio_worker_LX>
1000014c:	00752023          	sw	t2,0(a0)
10000150:	00450513          	addi	a0,a0,4
10000154:	00052383          	lw	t2,0(a0)

10000158 <flashio_worker_LX>:
10000158:	ffff8f93          	addi	t6,t6,-1
1000015c:	fc0f92e3          	bnez	t6,10000120 <flashio_worker_L2>
10000160:	fff58593          	addi	a1,a1,-1
10000164:	fa059ce3          	bnez	a1,1000011c <flashio_worker_LY>
10000168:	000f0463          	beqz	t5,10000170 <flashio_worker_L3>
1000016c:	00752023          	sw	t2,0(a0)

10000170 <flashio_worker_L3>:
10000170:	08000313          	li	t1,128
10000174:	006281a3          	sb	t1,3(t0)
10000178:	00008067          	ret

1000017c <main>:
1000017c:	fe010113          	addi	sp,sp,-32
10000180:	00812e23          	sw	s0,28(sp)
10000184:	02010413          	addi	s0,sp,32
10000188:	00100793          	li	a5,1
1000018c:	fef42423          	sw	a5,-24(s0)
10000190:	210007b7          	lui	a5,0x21000
10000194:	00478793          	addi	a5,a5,4 # 21000004 <_etext+0x10fffde4>
10000198:	0007a023          	sw	zero,0(a5)
1000019c:	210007b7          	lui	a5,0x21000
100001a0:	00878793          	addi	a5,a5,8 # 21000008 <_etext+0x10fffde8>
100001a4:	0007a023          	sw	zero,0(a5)
100001a8:	210007b7          	lui	a5,0x21000
100001ac:	00c78793          	addi	a5,a5,12 # 2100000c <_etext+0x10fffdec>
100001b0:	0007a023          	sw	zero,0(a5)
100001b4:	210007b7          	lui	a5,0x21000
100001b8:	00100713          	li	a4,1
100001bc:	00e7a023          	sw	a4,0(a5) # 21000000 <_etext+0x10fffde0>
100001c0:	210007b7          	lui	a5,0x21000
100001c4:	0007a023          	sw	zero,0(a5) # 21000000 <_etext+0x10fffde0>
100001c8:	fe042623          	sw	zero,-20(s0)
100001cc:	0100006f          	j	100001dc <main+0x60>
100001d0:	fec42783          	lw	a5,-20(s0)
100001d4:	00178793          	addi	a5,a5,1
100001d8:	fef42623          	sw	a5,-20(s0)
100001dc:	fec42703          	lw	a4,-20(s0)
100001e0:	000017b7          	lui	a5,0x1
100001e4:	bb778793          	addi	a5,a5,-1097 # bb7 <_edata-0xfff449>
100001e8:	fee7d4e3          	bge	a5,a4,100001d0 <main+0x54>
100001ec:	210007b7          	lui	a5,0x21000
100001f0:	00100713          	li	a4,1
100001f4:	00e7a023          	sw	a4,0(a5) # 21000000 <_etext+0x10fffde0>
100001f8:	fe042623          	sw	zero,-20(s0)
100001fc:	0100006f          	j	1000020c <main+0x90>
10000200:	fec42783          	lw	a5,-20(s0)
10000204:	00178793          	addi	a5,a5,1
10000208:	fef42623          	sw	a5,-20(s0)
1000020c:	fec42703          	lw	a4,-20(s0)
10000210:	000017b7          	lui	a5,0x1
10000214:	bb778793          	addi	a5,a5,-1097 # bb7 <_edata-0xfff449>
10000218:	fee7d4e3          	bge	a5,a4,10000200 <main+0x84>
1000021c:	fa5ff06f          	j	100001c0 <main+0x44>

Disassembly of section .comment:

00000000 <.comment>:
   0:	3a434347          	fmsub.d	ft6,ft6,ft4,ft7,rmm
   4:	2820                	fld	fs0,80(s0)
   6:	29554e47          	fmsub.s	ft8,fa0,fs5,ft5,rmm
   a:	3820                	fld	fs0,112(s0)
   c:	322e                	fld	ft4,232(sp)
   e:	302e                	fld	ft0,232(sp)
	...
