
wb_inout_16.elf:     file format elf32-littleriscv


Disassembly of section .text:

10000000 <start>:
10000000:	00000093          	li	ra,0
10000004:	00000193          	li	gp,0
10000008:	00000213          	li	tp,0
1000000c:	00000293          	li	t0,0
10000010:	00000313          	li	t1,0
10000014:	00000393          	li	t2,0
10000018:	00000413          	li	s0,0
1000001c:	00000493          	li	s1,0
10000020:	00000513          	li	a0,0
10000024:	00000593          	li	a1,0
10000028:	00000613          	li	a2,0
1000002c:	00000693          	li	a3,0
10000030:	00000713          	li	a4,0
10000034:	00000793          	li	a5,0
10000038:	00000813          	li	a6,0
1000003c:	00000893          	li	a7,0
10000040:	00000913          	li	s2,0
10000044:	00000993          	li	s3,0
10000048:	00000a13          	li	s4,0
1000004c:	00000a93          	li	s5,0
10000050:	00000b13          	li	s6,0
10000054:	00000b93          	li	s7,0
10000058:	00000c13          	li	s8,0
1000005c:	00000c93          	li	s9,0
10000060:	00000d13          	li	s10,0
10000064:	00000d93          	li	s11,0
10000068:	00000e13          	li	t3,0
1000006c:	00000e93          	li	t4,0
10000070:	00000f13          	li	t5,0
10000074:	00000f93          	li	t6,0
10000078:	00001517          	auipc	a0,0x1
1000007c:	25850513          	addi	a0,a0,600 # 100012d0 <_etext>
10000080:	f1000597          	auipc	a1,0xf1000
10000084:	f8058593          	addi	a1,a1,-128 # 1000000 <_edata>
10000088:	f1000617          	auipc	a2,0xf1000
1000008c:	f7860613          	addi	a2,a2,-136 # 1000000 <_edata>
10000090:	00c5dc63          	bge	a1,a2,100000a8 <end_init_data>

10000094 <loop_init_data>:
10000094:	00052683          	lw	a3,0(a0)
10000098:	00d5a023          	sw	a3,0(a1)
1000009c:	00450513          	addi	a0,a0,4
100000a0:	00458593          	addi	a1,a1,4
100000a4:	fec5c8e3          	blt	a1,a2,10000094 <loop_init_data>

100000a8 <end_init_data>:
100000a8:	f1000517          	auipc	a0,0xf1000
100000ac:	f5850513          	addi	a0,a0,-168 # 1000000 <_edata>
100000b0:	f1000597          	auipc	a1,0xf1000
100000b4:	f5058593          	addi	a1,a1,-176 # 1000000 <_edata>
100000b8:	00b55863          	bge	a0,a1,100000c8 <end_init_bss>

100000bc <loop_init_bss>:
100000bc:	00052023          	sw	zero,0(a0)
100000c0:	00450513          	addi	a0,a0,4
100000c4:	feb54ce3          	blt	a0,a1,100000bc <loop_init_bss>

100000c8 <end_init_bss>:
100000c8:	139000ef          	jal	ra,10000a00 <main>

100000cc <loop>:
100000cc:	0000006f          	j	100000cc <loop>

100000d0 <flashio_worker_begin>:
100000d0:	280002b7          	lui	t0,0x28000
100000d4:	12000313          	li	t1,288
100000d8:	00629023          	sh	t1,0(t0) # 28000000 <_etext+0x17ffed30>
100000dc:	000281a3          	sb	zero,3(t0)
100000e0:	02060863          	beqz	a2,10000110 <flashio_worker_L1>
100000e4:	00800f13          	li	t5,8
100000e8:	0ff67393          	andi	t2,a2,255

100000ec <flashio_worker_L4>:
100000ec:	0073de93          	srli	t4,t2,0x7
100000f0:	01d28023          	sb	t4,0(t0)
100000f4:	010eee93          	ori	t4,t4,16
100000f8:	01d28023          	sb	t4,0(t0)
100000fc:	00139393          	slli	t2,t2,0x1
10000100:	0ff3f393          	andi	t2,t2,255
10000104:	ffff0f13          	addi	t5,t5,-1
10000108:	fe0f12e3          	bnez	t5,100000ec <flashio_worker_L4>
1000010c:	00628023          	sb	t1,0(t0)

10000110 <flashio_worker_L1>:
10000110:	06058063          	beqz	a1,10000170 <flashio_worker_L3>
10000114:	02000f13          	li	t5,32
10000118:	00052383          	lw	t2,0(a0)

1000011c <flashio_worker_LY>:
1000011c:	00800f93          	li	t6,8

10000120 <flashio_worker_L2>:
10000120:	01f3de93          	srli	t4,t2,0x1f
10000124:	01d28023          	sb	t4,0(t0)
10000128:	010eee93          	ori	t4,t4,16
1000012c:	01d28023          	sb	t4,0(t0)
10000130:	0002ce83          	lbu	t4,0(t0)
10000134:	002efe93          	andi	t4,t4,2
10000138:	001ede93          	srli	t4,t4,0x1
1000013c:	00139393          	slli	t2,t2,0x1
10000140:	01d3e3b3          	or	t2,t2,t4
10000144:	ffff0f13          	addi	t5,t5,-1
10000148:	000f1863          	bnez	t5,10000158 <flashio_worker_LX>
1000014c:	00752023          	sw	t2,0(a0)
10000150:	00450513          	addi	a0,a0,4
10000154:	00052383          	lw	t2,0(a0)

10000158 <flashio_worker_LX>:
10000158:	ffff8f93          	addi	t6,t6,-1
1000015c:	fc0f92e3          	bnez	t6,10000120 <flashio_worker_L2>
10000160:	fff58593          	addi	a1,a1,-1
10000164:	fa059ce3          	bnez	a1,1000011c <flashio_worker_LY>
10000168:	000f0463          	beqz	t5,10000170 <flashio_worker_L3>
1000016c:	00752023          	sw	t2,0(a0)

10000170 <flashio_worker_L3>:
10000170:	08000313          	li	t1,128
10000174:	006281a3          	sb	t1,3(t0)
10000178:	00008067          	ret

1000017c <putchar>:
1000017c:	fe010113          	addi	sp,sp,-32
10000180:	00112e23          	sw	ra,28(sp)
10000184:	00812c23          	sw	s0,24(sp)
10000188:	02010413          	addi	s0,sp,32
1000018c:	fea42623          	sw	a0,-20(s0)
10000190:	fec42703          	lw	a4,-20(s0)
10000194:	00a00793          	li	a5,10
10000198:	00f71663          	bne	a4,a5,100001a4 <putchar+0x28>
1000019c:	00d00513          	li	a0,13
100001a0:	fddff0ef          	jal	ra,1000017c <putchar>
100001a4:	200007b7          	lui	a5,0x20000
100001a8:	00478793          	addi	a5,a5,4 # 20000004 <_etext+0xfffed34>
100001ac:	fec42703          	lw	a4,-20(s0)
100001b0:	00e7a023          	sw	a4,0(a5)
100001b4:	00000013          	nop
100001b8:	01c12083          	lw	ra,28(sp)
100001bc:	01812403          	lw	s0,24(sp)
100001c0:	02010113          	addi	sp,sp,32
100001c4:	00008067          	ret

100001c8 <print>:
100001c8:	fe010113          	addi	sp,sp,-32
100001cc:	00112e23          	sw	ra,28(sp)
100001d0:	00812c23          	sw	s0,24(sp)
100001d4:	02010413          	addi	s0,sp,32
100001d8:	fea42623          	sw	a0,-20(s0)
100001dc:	01c0006f          	j	100001f8 <print+0x30>
100001e0:	fec42783          	lw	a5,-20(s0)
100001e4:	00178713          	addi	a4,a5,1
100001e8:	fee42623          	sw	a4,-20(s0)
100001ec:	0007c783          	lbu	a5,0(a5)
100001f0:	00078513          	mv	a0,a5
100001f4:	f89ff0ef          	jal	ra,1000017c <putchar>
100001f8:	fec42783          	lw	a5,-20(s0)
100001fc:	0007c783          	lbu	a5,0(a5)
10000200:	fe0790e3          	bnez	a5,100001e0 <print+0x18>
10000204:	00000013          	nop
10000208:	01c12083          	lw	ra,28(sp)
1000020c:	01812403          	lw	s0,24(sp)
10000210:	02010113          	addi	sp,sp,32
10000214:	00008067          	ret

10000218 <print_hex>:
10000218:	fd010113          	addi	sp,sp,-48
1000021c:	02112623          	sw	ra,44(sp)
10000220:	02812423          	sw	s0,40(sp)
10000224:	03010413          	addi	s0,sp,48
10000228:	fca42e23          	sw	a0,-36(s0)
1000022c:	fcb42c23          	sw	a1,-40(s0)
10000230:	fd842783          	lw	a5,-40(s0)
10000234:	fff78793          	addi	a5,a5,-1
10000238:	fef42623          	sw	a5,-20(s0)
1000023c:	0440006f          	j	10000280 <print_hex+0x68>
10000240:	fec42783          	lw	a5,-20(s0)
10000244:	00279793          	slli	a5,a5,0x2
10000248:	fdc42703          	lw	a4,-36(s0)
1000024c:	00f757b3          	srl	a5,a4,a5
10000250:	00f7f713          	andi	a4,a5,15
10000254:	100017b7          	lui	a5,0x10001
10000258:	29c78793          	addi	a5,a5,668 # 1000129c <main+0x89c>
1000025c:	00f707b3          	add	a5,a4,a5
10000260:	0007c783          	lbu	a5,0(a5)
10000264:	fef405a3          	sb	a5,-21(s0)
10000268:	feb44783          	lbu	a5,-21(s0)
1000026c:	00078513          	mv	a0,a5
10000270:	f0dff0ef          	jal	ra,1000017c <putchar>
10000274:	fec42783          	lw	a5,-20(s0)
10000278:	fff78793          	addi	a5,a5,-1
1000027c:	fef42623          	sw	a5,-20(s0)
10000280:	fec42783          	lw	a5,-20(s0)
10000284:	fa07dee3          	bgez	a5,10000240 <print_hex+0x28>
10000288:	00000013          	nop
1000028c:	02c12083          	lw	ra,44(sp)
10000290:	02812403          	lw	s0,40(sp)
10000294:	03010113          	addi	sp,sp,48
10000298:	00008067          	ret

1000029c <print_dec>:
1000029c:	fe010113          	addi	sp,sp,-32
100002a0:	00112e23          	sw	ra,28(sp)
100002a4:	00812c23          	sw	s0,24(sp)
100002a8:	02010413          	addi	s0,sp,32
100002ac:	fea42623          	sw	a0,-20(s0)
100002b0:	fec42703          	lw	a4,-20(s0)
100002b4:	7cf00793          	li	a5,1999
100002b8:	00e7fa63          	bgeu	a5,a4,100002cc <print_dec+0x30>
100002bc:	100017b7          	lui	a5,0x10001
100002c0:	2b078513          	addi	a0,a5,688 # 100012b0 <main+0x8b0>
100002c4:	f05ff0ef          	jal	ra,100001c8 <print>
100002c8:	4100006f          	j	100006d8 <print_dec+0x43c>
100002cc:	fec42703          	lw	a4,-20(s0)
100002d0:	3e700793          	li	a5,999
100002d4:	00e7fe63          	bgeu	a5,a4,100002f0 <print_dec+0x54>
100002d8:	03100513          	li	a0,49
100002dc:	ea1ff0ef          	jal	ra,1000017c <putchar>
100002e0:	fec42783          	lw	a5,-20(s0)
100002e4:	c1878793          	addi	a5,a5,-1000
100002e8:	fef42623          	sw	a5,-20(s0)
100002ec:	00c0006f          	j	100002f8 <print_dec+0x5c>
100002f0:	02000513          	li	a0,32
100002f4:	e89ff0ef          	jal	ra,1000017c <putchar>
100002f8:	fec42703          	lw	a4,-20(s0)
100002fc:	38300793          	li	a5,899
10000300:	00e7fe63          	bgeu	a5,a4,1000031c <print_dec+0x80>
10000304:	03900513          	li	a0,57
10000308:	e75ff0ef          	jal	ra,1000017c <putchar>
1000030c:	fec42783          	lw	a5,-20(s0)
10000310:	c7c78793          	addi	a5,a5,-900
10000314:	fef42623          	sw	a5,-20(s0)
10000318:	12c0006f          	j	10000444 <print_dec+0x1a8>
1000031c:	fec42703          	lw	a4,-20(s0)
10000320:	31f00793          	li	a5,799
10000324:	00e7fe63          	bgeu	a5,a4,10000340 <print_dec+0xa4>
10000328:	03800513          	li	a0,56
1000032c:	e51ff0ef          	jal	ra,1000017c <putchar>
10000330:	fec42783          	lw	a5,-20(s0)
10000334:	ce078793          	addi	a5,a5,-800
10000338:	fef42623          	sw	a5,-20(s0)
1000033c:	1080006f          	j	10000444 <print_dec+0x1a8>
10000340:	fec42703          	lw	a4,-20(s0)
10000344:	2bb00793          	li	a5,699
10000348:	00e7fe63          	bgeu	a5,a4,10000364 <print_dec+0xc8>
1000034c:	03700513          	li	a0,55
10000350:	e2dff0ef          	jal	ra,1000017c <putchar>
10000354:	fec42783          	lw	a5,-20(s0)
10000358:	d4478793          	addi	a5,a5,-700
1000035c:	fef42623          	sw	a5,-20(s0)
10000360:	0e40006f          	j	10000444 <print_dec+0x1a8>
10000364:	fec42703          	lw	a4,-20(s0)
10000368:	25700793          	li	a5,599
1000036c:	00e7fe63          	bgeu	a5,a4,10000388 <print_dec+0xec>
10000370:	03600513          	li	a0,54
10000374:	e09ff0ef          	jal	ra,1000017c <putchar>
10000378:	fec42783          	lw	a5,-20(s0)
1000037c:	da878793          	addi	a5,a5,-600
10000380:	fef42623          	sw	a5,-20(s0)
10000384:	0c00006f          	j	10000444 <print_dec+0x1a8>
10000388:	fec42703          	lw	a4,-20(s0)
1000038c:	1f300793          	li	a5,499
10000390:	00e7fe63          	bgeu	a5,a4,100003ac <print_dec+0x110>
10000394:	03500513          	li	a0,53
10000398:	de5ff0ef          	jal	ra,1000017c <putchar>
1000039c:	fec42783          	lw	a5,-20(s0)
100003a0:	e0c78793          	addi	a5,a5,-500
100003a4:	fef42623          	sw	a5,-20(s0)
100003a8:	09c0006f          	j	10000444 <print_dec+0x1a8>
100003ac:	fec42703          	lw	a4,-20(s0)
100003b0:	18f00793          	li	a5,399
100003b4:	00e7fe63          	bgeu	a5,a4,100003d0 <print_dec+0x134>
100003b8:	03400513          	li	a0,52
100003bc:	dc1ff0ef          	jal	ra,1000017c <putchar>
100003c0:	fec42783          	lw	a5,-20(s0)
100003c4:	e7078793          	addi	a5,a5,-400
100003c8:	fef42623          	sw	a5,-20(s0)
100003cc:	0780006f          	j	10000444 <print_dec+0x1a8>
100003d0:	fec42703          	lw	a4,-20(s0)
100003d4:	12b00793          	li	a5,299
100003d8:	00e7fe63          	bgeu	a5,a4,100003f4 <print_dec+0x158>
100003dc:	03300513          	li	a0,51
100003e0:	d9dff0ef          	jal	ra,1000017c <putchar>
100003e4:	fec42783          	lw	a5,-20(s0)
100003e8:	ed478793          	addi	a5,a5,-300
100003ec:	fef42623          	sw	a5,-20(s0)
100003f0:	0540006f          	j	10000444 <print_dec+0x1a8>
100003f4:	fec42703          	lw	a4,-20(s0)
100003f8:	0c700793          	li	a5,199
100003fc:	00e7fe63          	bgeu	a5,a4,10000418 <print_dec+0x17c>
10000400:	03200513          	li	a0,50
10000404:	d79ff0ef          	jal	ra,1000017c <putchar>
10000408:	fec42783          	lw	a5,-20(s0)
1000040c:	f3878793          	addi	a5,a5,-200
10000410:	fef42623          	sw	a5,-20(s0)
10000414:	0300006f          	j	10000444 <print_dec+0x1a8>
10000418:	fec42703          	lw	a4,-20(s0)
1000041c:	06300793          	li	a5,99
10000420:	00e7fe63          	bgeu	a5,a4,1000043c <print_dec+0x1a0>
10000424:	03100513          	li	a0,49
10000428:	d55ff0ef          	jal	ra,1000017c <putchar>
1000042c:	fec42783          	lw	a5,-20(s0)
10000430:	f9c78793          	addi	a5,a5,-100
10000434:	fef42623          	sw	a5,-20(s0)
10000438:	00c0006f          	j	10000444 <print_dec+0x1a8>
1000043c:	03000513          	li	a0,48
10000440:	d3dff0ef          	jal	ra,1000017c <putchar>
10000444:	fec42703          	lw	a4,-20(s0)
10000448:	05900793          	li	a5,89
1000044c:	00e7fe63          	bgeu	a5,a4,10000468 <print_dec+0x1cc>
10000450:	03900513          	li	a0,57
10000454:	d29ff0ef          	jal	ra,1000017c <putchar>
10000458:	fec42783          	lw	a5,-20(s0)
1000045c:	fa678793          	addi	a5,a5,-90
10000460:	fef42623          	sw	a5,-20(s0)
10000464:	12c0006f          	j	10000590 <print_dec+0x2f4>
10000468:	fec42703          	lw	a4,-20(s0)
1000046c:	04f00793          	li	a5,79
10000470:	00e7fe63          	bgeu	a5,a4,1000048c <print_dec+0x1f0>
10000474:	03800513          	li	a0,56
10000478:	d05ff0ef          	jal	ra,1000017c <putchar>
1000047c:	fec42783          	lw	a5,-20(s0)
10000480:	fb078793          	addi	a5,a5,-80
10000484:	fef42623          	sw	a5,-20(s0)
10000488:	1080006f          	j	10000590 <print_dec+0x2f4>
1000048c:	fec42703          	lw	a4,-20(s0)
10000490:	04500793          	li	a5,69
10000494:	00e7fe63          	bgeu	a5,a4,100004b0 <print_dec+0x214>
10000498:	03700513          	li	a0,55
1000049c:	ce1ff0ef          	jal	ra,1000017c <putchar>
100004a0:	fec42783          	lw	a5,-20(s0)
100004a4:	fba78793          	addi	a5,a5,-70
100004a8:	fef42623          	sw	a5,-20(s0)
100004ac:	0e40006f          	j	10000590 <print_dec+0x2f4>
100004b0:	fec42703          	lw	a4,-20(s0)
100004b4:	03b00793          	li	a5,59
100004b8:	00e7fe63          	bgeu	a5,a4,100004d4 <print_dec+0x238>
100004bc:	03600513          	li	a0,54
100004c0:	cbdff0ef          	jal	ra,1000017c <putchar>
100004c4:	fec42783          	lw	a5,-20(s0)
100004c8:	fc478793          	addi	a5,a5,-60
100004cc:	fef42623          	sw	a5,-20(s0)
100004d0:	0c00006f          	j	10000590 <print_dec+0x2f4>
100004d4:	fec42703          	lw	a4,-20(s0)
100004d8:	03100793          	li	a5,49
100004dc:	00e7fe63          	bgeu	a5,a4,100004f8 <print_dec+0x25c>
100004e0:	03500513          	li	a0,53
100004e4:	c99ff0ef          	jal	ra,1000017c <putchar>
100004e8:	fec42783          	lw	a5,-20(s0)
100004ec:	fce78793          	addi	a5,a5,-50
100004f0:	fef42623          	sw	a5,-20(s0)
100004f4:	09c0006f          	j	10000590 <print_dec+0x2f4>
100004f8:	fec42703          	lw	a4,-20(s0)
100004fc:	02700793          	li	a5,39
10000500:	00e7fe63          	bgeu	a5,a4,1000051c <print_dec+0x280>
10000504:	03400513          	li	a0,52
10000508:	c75ff0ef          	jal	ra,1000017c <putchar>
1000050c:	fec42783          	lw	a5,-20(s0)
10000510:	fd878793          	addi	a5,a5,-40
10000514:	fef42623          	sw	a5,-20(s0)
10000518:	0780006f          	j	10000590 <print_dec+0x2f4>
1000051c:	fec42703          	lw	a4,-20(s0)
10000520:	01d00793          	li	a5,29
10000524:	00e7fe63          	bgeu	a5,a4,10000540 <print_dec+0x2a4>
10000528:	03300513          	li	a0,51
1000052c:	c51ff0ef          	jal	ra,1000017c <putchar>
10000530:	fec42783          	lw	a5,-20(s0)
10000534:	fe278793          	addi	a5,a5,-30
10000538:	fef42623          	sw	a5,-20(s0)
1000053c:	0540006f          	j	10000590 <print_dec+0x2f4>
10000540:	fec42703          	lw	a4,-20(s0)
10000544:	01300793          	li	a5,19
10000548:	00e7fe63          	bgeu	a5,a4,10000564 <print_dec+0x2c8>
1000054c:	03200513          	li	a0,50
10000550:	c2dff0ef          	jal	ra,1000017c <putchar>
10000554:	fec42783          	lw	a5,-20(s0)
10000558:	fec78793          	addi	a5,a5,-20
1000055c:	fef42623          	sw	a5,-20(s0)
10000560:	0300006f          	j	10000590 <print_dec+0x2f4>
10000564:	fec42703          	lw	a4,-20(s0)
10000568:	00900793          	li	a5,9
1000056c:	00e7fe63          	bgeu	a5,a4,10000588 <print_dec+0x2ec>
10000570:	03100513          	li	a0,49
10000574:	c09ff0ef          	jal	ra,1000017c <putchar>
10000578:	fec42783          	lw	a5,-20(s0)
1000057c:	ff678793          	addi	a5,a5,-10
10000580:	fef42623          	sw	a5,-20(s0)
10000584:	00c0006f          	j	10000590 <print_dec+0x2f4>
10000588:	03000513          	li	a0,48
1000058c:	bf1ff0ef          	jal	ra,1000017c <putchar>
10000590:	fec42703          	lw	a4,-20(s0)
10000594:	00800793          	li	a5,8
10000598:	00e7fe63          	bgeu	a5,a4,100005b4 <print_dec+0x318>
1000059c:	03900513          	li	a0,57
100005a0:	bddff0ef          	jal	ra,1000017c <putchar>
100005a4:	fec42783          	lw	a5,-20(s0)
100005a8:	ff778793          	addi	a5,a5,-9
100005ac:	fef42623          	sw	a5,-20(s0)
100005b0:	1280006f          	j	100006d8 <print_dec+0x43c>
100005b4:	fec42703          	lw	a4,-20(s0)
100005b8:	00700793          	li	a5,7
100005bc:	00e7fe63          	bgeu	a5,a4,100005d8 <print_dec+0x33c>
100005c0:	03800513          	li	a0,56
100005c4:	bb9ff0ef          	jal	ra,1000017c <putchar>
100005c8:	fec42783          	lw	a5,-20(s0)
100005cc:	ff878793          	addi	a5,a5,-8
100005d0:	fef42623          	sw	a5,-20(s0)
100005d4:	1040006f          	j	100006d8 <print_dec+0x43c>
100005d8:	fec42703          	lw	a4,-20(s0)
100005dc:	00600793          	li	a5,6
100005e0:	00e7fe63          	bgeu	a5,a4,100005fc <print_dec+0x360>
100005e4:	03700513          	li	a0,55
100005e8:	b95ff0ef          	jal	ra,1000017c <putchar>
100005ec:	fec42783          	lw	a5,-20(s0)
100005f0:	ff978793          	addi	a5,a5,-7
100005f4:	fef42623          	sw	a5,-20(s0)
100005f8:	0e00006f          	j	100006d8 <print_dec+0x43c>
100005fc:	fec42703          	lw	a4,-20(s0)
10000600:	00500793          	li	a5,5
10000604:	00e7fe63          	bgeu	a5,a4,10000620 <print_dec+0x384>
10000608:	03600513          	li	a0,54
1000060c:	b71ff0ef          	jal	ra,1000017c <putchar>
10000610:	fec42783          	lw	a5,-20(s0)
10000614:	ffa78793          	addi	a5,a5,-6
10000618:	fef42623          	sw	a5,-20(s0)
1000061c:	0bc0006f          	j	100006d8 <print_dec+0x43c>
10000620:	fec42703          	lw	a4,-20(s0)
10000624:	00400793          	li	a5,4
10000628:	00e7fe63          	bgeu	a5,a4,10000644 <print_dec+0x3a8>
1000062c:	03500513          	li	a0,53
10000630:	b4dff0ef          	jal	ra,1000017c <putchar>
10000634:	fec42783          	lw	a5,-20(s0)
10000638:	ffb78793          	addi	a5,a5,-5
1000063c:	fef42623          	sw	a5,-20(s0)
10000640:	0980006f          	j	100006d8 <print_dec+0x43c>
10000644:	fec42703          	lw	a4,-20(s0)
10000648:	00300793          	li	a5,3
1000064c:	00e7fe63          	bgeu	a5,a4,10000668 <print_dec+0x3cc>
10000650:	03400513          	li	a0,52
10000654:	b29ff0ef          	jal	ra,1000017c <putchar>
10000658:	fec42783          	lw	a5,-20(s0)
1000065c:	ffc78793          	addi	a5,a5,-4
10000660:	fef42623          	sw	a5,-20(s0)
10000664:	0740006f          	j	100006d8 <print_dec+0x43c>
10000668:	fec42703          	lw	a4,-20(s0)
1000066c:	00200793          	li	a5,2
10000670:	00e7fe63          	bgeu	a5,a4,1000068c <print_dec+0x3f0>
10000674:	03300513          	li	a0,51
10000678:	b05ff0ef          	jal	ra,1000017c <putchar>
1000067c:	fec42783          	lw	a5,-20(s0)
10000680:	ffd78793          	addi	a5,a5,-3
10000684:	fef42623          	sw	a5,-20(s0)
10000688:	0500006f          	j	100006d8 <print_dec+0x43c>
1000068c:	fec42703          	lw	a4,-20(s0)
10000690:	00100793          	li	a5,1
10000694:	00e7fe63          	bgeu	a5,a4,100006b0 <print_dec+0x414>
10000698:	03200513          	li	a0,50
1000069c:	ae1ff0ef          	jal	ra,1000017c <putchar>
100006a0:	fec42783          	lw	a5,-20(s0)
100006a4:	ffe78793          	addi	a5,a5,-2
100006a8:	fef42623          	sw	a5,-20(s0)
100006ac:	02c0006f          	j	100006d8 <print_dec+0x43c>
100006b0:	fec42783          	lw	a5,-20(s0)
100006b4:	00078e63          	beqz	a5,100006d0 <print_dec+0x434>
100006b8:	03100513          	li	a0,49
100006bc:	ac1ff0ef          	jal	ra,1000017c <putchar>
100006c0:	fec42783          	lw	a5,-20(s0)
100006c4:	fff78793          	addi	a5,a5,-1
100006c8:	fef42623          	sw	a5,-20(s0)
100006cc:	00c0006f          	j	100006d8 <print_dec+0x43c>
100006d0:	03000513          	li	a0,48
100006d4:	aa9ff0ef          	jal	ra,1000017c <putchar>
100006d8:	01c12083          	lw	ra,28(sp)
100006dc:	01812403          	lw	s0,24(sp)
100006e0:	02010113          	addi	sp,sp,32
100006e4:	00008067          	ret

100006e8 <print_digit>:
100006e8:	fe010113          	addi	sp,sp,-32
100006ec:	00112e23          	sw	ra,28(sp)
100006f0:	00812c23          	sw	s0,24(sp)
100006f4:	02010413          	addi	s0,sp,32
100006f8:	fea42623          	sw	a0,-20(s0)
100006fc:	fec42783          	lw	a5,-20(s0)
10000700:	00f7f793          	andi	a5,a5,15
10000704:	fef42623          	sw	a5,-20(s0)
10000708:	fec42703          	lw	a4,-20(s0)
1000070c:	00900793          	li	a5,9
10000710:	00f71863          	bne	a4,a5,10000720 <print_digit+0x38>
10000714:	03900513          	li	a0,57
10000718:	a65ff0ef          	jal	ra,1000017c <putchar>
1000071c:	1700006f          	j	1000088c <print_digit+0x1a4>
10000720:	fec42703          	lw	a4,-20(s0)
10000724:	00800793          	li	a5,8
10000728:	00f71863          	bne	a4,a5,10000738 <print_digit+0x50>
1000072c:	03800513          	li	a0,56
10000730:	a4dff0ef          	jal	ra,1000017c <putchar>
10000734:	1580006f          	j	1000088c <print_digit+0x1a4>
10000738:	fec42703          	lw	a4,-20(s0)
1000073c:	00700793          	li	a5,7
10000740:	00f71863          	bne	a4,a5,10000750 <print_digit+0x68>
10000744:	03700513          	li	a0,55
10000748:	a35ff0ef          	jal	ra,1000017c <putchar>
1000074c:	1400006f          	j	1000088c <print_digit+0x1a4>
10000750:	fec42703          	lw	a4,-20(s0)
10000754:	00600793          	li	a5,6
10000758:	00f71863          	bne	a4,a5,10000768 <print_digit+0x80>
1000075c:	03600513          	li	a0,54
10000760:	a1dff0ef          	jal	ra,1000017c <putchar>
10000764:	1280006f          	j	1000088c <print_digit+0x1a4>
10000768:	fec42703          	lw	a4,-20(s0)
1000076c:	00500793          	li	a5,5
10000770:	00f71863          	bne	a4,a5,10000780 <print_digit+0x98>
10000774:	03500513          	li	a0,53
10000778:	a05ff0ef          	jal	ra,1000017c <putchar>
1000077c:	1100006f          	j	1000088c <print_digit+0x1a4>
10000780:	fec42703          	lw	a4,-20(s0)
10000784:	00400793          	li	a5,4
10000788:	00f71863          	bne	a4,a5,10000798 <print_digit+0xb0>
1000078c:	03400513          	li	a0,52
10000790:	9edff0ef          	jal	ra,1000017c <putchar>
10000794:	0f80006f          	j	1000088c <print_digit+0x1a4>
10000798:	fec42703          	lw	a4,-20(s0)
1000079c:	00300793          	li	a5,3
100007a0:	00f71863          	bne	a4,a5,100007b0 <print_digit+0xc8>
100007a4:	03300513          	li	a0,51
100007a8:	9d5ff0ef          	jal	ra,1000017c <putchar>
100007ac:	0e00006f          	j	1000088c <print_digit+0x1a4>
100007b0:	fec42703          	lw	a4,-20(s0)
100007b4:	00200793          	li	a5,2
100007b8:	00f71863          	bne	a4,a5,100007c8 <print_digit+0xe0>
100007bc:	03200513          	li	a0,50
100007c0:	9bdff0ef          	jal	ra,1000017c <putchar>
100007c4:	0c80006f          	j	1000088c <print_digit+0x1a4>
100007c8:	fec42703          	lw	a4,-20(s0)
100007cc:	00100793          	li	a5,1
100007d0:	00f71863          	bne	a4,a5,100007e0 <print_digit+0xf8>
100007d4:	03100513          	li	a0,49
100007d8:	9a5ff0ef          	jal	ra,1000017c <putchar>
100007dc:	0b00006f          	j	1000088c <print_digit+0x1a4>
100007e0:	fec42783          	lw	a5,-20(s0)
100007e4:	00079863          	bnez	a5,100007f4 <print_digit+0x10c>
100007e8:	03000513          	li	a0,48
100007ec:	991ff0ef          	jal	ra,1000017c <putchar>
100007f0:	09c0006f          	j	1000088c <print_digit+0x1a4>
100007f4:	fec42703          	lw	a4,-20(s0)
100007f8:	00a00793          	li	a5,10
100007fc:	00f71863          	bne	a4,a5,1000080c <print_digit+0x124>
10000800:	06100513          	li	a0,97
10000804:	979ff0ef          	jal	ra,1000017c <putchar>
10000808:	0840006f          	j	1000088c <print_digit+0x1a4>
1000080c:	fec42703          	lw	a4,-20(s0)
10000810:	00b00793          	li	a5,11
10000814:	00f71863          	bne	a4,a5,10000824 <print_digit+0x13c>
10000818:	06200513          	li	a0,98
1000081c:	961ff0ef          	jal	ra,1000017c <putchar>
10000820:	06c0006f          	j	1000088c <print_digit+0x1a4>
10000824:	fec42703          	lw	a4,-20(s0)
10000828:	00c00793          	li	a5,12
1000082c:	00f71863          	bne	a4,a5,1000083c <print_digit+0x154>
10000830:	06300513          	li	a0,99
10000834:	949ff0ef          	jal	ra,1000017c <putchar>
10000838:	0540006f          	j	1000088c <print_digit+0x1a4>
1000083c:	fec42703          	lw	a4,-20(s0)
10000840:	00d00793          	li	a5,13
10000844:	00f71863          	bne	a4,a5,10000854 <print_digit+0x16c>
10000848:	06400513          	li	a0,100
1000084c:	931ff0ef          	jal	ra,1000017c <putchar>
10000850:	03c0006f          	j	1000088c <print_digit+0x1a4>
10000854:	fec42703          	lw	a4,-20(s0)
10000858:	00e00793          	li	a5,14
1000085c:	00f71863          	bne	a4,a5,1000086c <print_digit+0x184>
10000860:	06500513          	li	a0,101
10000864:	919ff0ef          	jal	ra,1000017c <putchar>
10000868:	0240006f          	j	1000088c <print_digit+0x1a4>
1000086c:	fec42703          	lw	a4,-20(s0)
10000870:	00f00793          	li	a5,15
10000874:	00f71863          	bne	a4,a5,10000884 <print_digit+0x19c>
10000878:	06600513          	li	a0,102
1000087c:	901ff0ef          	jal	ra,1000017c <putchar>
10000880:	00c0006f          	j	1000088c <print_digit+0x1a4>
10000884:	02a00513          	li	a0,42
10000888:	8f5ff0ef          	jal	ra,1000017c <putchar>
1000088c:	00000013          	nop
10000890:	01c12083          	lw	ra,28(sp)
10000894:	01812403          	lw	s0,24(sp)
10000898:	02010113          	addi	sp,sp,32
1000089c:	00008067          	ret

100008a0 <set_gpio>:
100008a0:	fe010113          	addi	sp,sp,-32
100008a4:	00812e23          	sw	s0,28(sp)
100008a8:	02010413          	addi	s0,sp,32
100008ac:	fea42623          	sw	a0,-20(s0)
100008b0:	260007b7          	lui	a5,0x26000
100008b4:	00c78793          	addi	a5,a5,12 # 2600000c <_etext+0x15ffed3c>
100008b8:	0007a683          	lw	a3,0(a5)
100008bc:	fec42703          	lw	a4,-20(s0)
100008c0:	260007b7          	lui	a5,0x26000
100008c4:	00c78793          	addi	a5,a5,12 # 2600000c <_etext+0x15ffed3c>
100008c8:	00e6e733          	or	a4,a3,a4
100008cc:	00e7a023          	sw	a4,0(a5)
100008d0:	00000013          	nop
100008d4:	01c12403          	lw	s0,28(sp)
100008d8:	02010113          	addi	sp,sp,32
100008dc:	00008067          	ret

100008e0 <clear_gpio>:
100008e0:	fe010113          	addi	sp,sp,-32
100008e4:	00812e23          	sw	s0,28(sp)
100008e8:	02010413          	addi	s0,sp,32
100008ec:	fea42623          	sw	a0,-20(s0)
100008f0:	260007b7          	lui	a5,0x26000
100008f4:	00c78793          	addi	a5,a5,12 # 2600000c <_etext+0x15ffed3c>
100008f8:	0007a703          	lw	a4,0(a5)
100008fc:	fec42783          	lw	a5,-20(s0)
10000900:	fff7c793          	not	a5,a5
10000904:	00078693          	mv	a3,a5
10000908:	260007b7          	lui	a5,0x26000
1000090c:	00c78793          	addi	a5,a5,12 # 2600000c <_etext+0x15ffed3c>
10000910:	00d77733          	and	a4,a4,a3
10000914:	00e7a023          	sw	a4,0(a5)
10000918:	00000013          	nop
1000091c:	01c12403          	lw	s0,28(sp)
10000920:	02010113          	addi	sp,sp,32
10000924:	00008067          	ret

10000928 <encode>:
10000928:	fe010113          	addi	sp,sp,-32
1000092c:	00812e23          	sw	s0,28(sp)
10000930:	02010413          	addi	s0,sp,32
10000934:	fea42623          	sw	a0,-20(s0)
10000938:	feb42423          	sw	a1,-24(s0)
1000093c:	fe842783          	lw	a5,-24(s0)
10000940:	fec42703          	lw	a4,-20(s0)
10000944:	00f717b3          	sll	a5,a4,a5
10000948:	00078513          	mv	a0,a5
1000094c:	01c12403          	lw	s0,28(sp)
10000950:	02010113          	addi	sp,sp,32
10000954:	00008067          	ret

10000958 <decode>:
10000958:	fd010113          	addi	sp,sp,-48
1000095c:	02812623          	sw	s0,44(sp)
10000960:	03010413          	addi	s0,sp,48
10000964:	fca42e23          	sw	a0,-36(s0)
10000968:	fcb42c23          	sw	a1,-40(s0)
1000096c:	fcc42a23          	sw	a2,-44(s0)
10000970:	fd442703          	lw	a4,-44(s0)
10000974:	fd842783          	lw	a5,-40(s0)
10000978:	40f707b3          	sub	a5,a4,a5
1000097c:	00178793          	addi	a5,a5,1
10000980:	fef42423          	sw	a5,-24(s0)
10000984:	fd842783          	lw	a5,-40(s0)
10000988:	fdc42703          	lw	a4,-36(s0)
1000098c:	00f757b3          	srl	a5,a4,a5
10000990:	fcf42e23          	sw	a5,-36(s0)
10000994:	fd442783          	lw	a5,-44(s0)
10000998:	01f7a793          	slti	a5,a5,31
1000099c:	0017c793          	xori	a5,a5,1
100009a0:	0ff7f713          	andi	a4,a5,255
100009a4:	fd442783          	lw	a5,-44(s0)
100009a8:	0017b793          	seqz	a5,a5
100009ac:	0ff7f793          	andi	a5,a5,255
100009b0:	00f767b3          	or	a5,a4,a5
100009b4:	0ff7f793          	andi	a5,a5,255
100009b8:	00078863          	beqz	a5,100009c8 <decode+0x70>
100009bc:	fff00793          	li	a5,-1
100009c0:	fef42623          	sw	a5,-20(s0)
100009c4:	0180006f          	j	100009dc <decode+0x84>
100009c8:	fe842783          	lw	a5,-24(s0)
100009cc:	00100713          	li	a4,1
100009d0:	00f717b3          	sll	a5,a4,a5
100009d4:	fff78793          	addi	a5,a5,-1
100009d8:	fef42623          	sw	a5,-20(s0)
100009dc:	fec42783          	lw	a5,-20(s0)
100009e0:	fdc42703          	lw	a4,-36(s0)
100009e4:	00f777b3          	and	a5,a4,a5
100009e8:	fcf42e23          	sw	a5,-36(s0)
100009ec:	fdc42783          	lw	a5,-36(s0)
100009f0:	00078513          	mv	a0,a5
100009f4:	02c12403          	lw	s0,44(sp)
100009f8:	03010113          	addi	sp,sp,48
100009fc:	00008067          	ret

10000a00 <main>:
10000a00:	fe010113          	addi	sp,sp,-32
10000a04:	00112e23          	sw	ra,28(sp)
10000a08:	00812c23          	sw	s0,24(sp)
10000a0c:	02010413          	addi	s0,sp,32
10000a10:	260007b7          	lui	a5,0x26000
10000a14:	03c78793          	addi	a5,a5,60 # 2600003c <_etext+0x15ffed6c>
10000a18:	7ff00713          	li	a4,2047
10000a1c:	00e7a023          	sw	a4,0(a5)
10000a20:	260007b7          	lui	a5,0x26000
10000a24:	00c78793          	addi	a5,a5,12 # 2600000c <_etext+0x15ffed3c>
10000a28:	0007a023          	sw	zero,0(a5)
10000a2c:	200007b7          	lui	a5,0x20000
10000a30:	41200713          	li	a4,1042
10000a34:	00e7a023          	sw	a4,0(a5) # 20000000 <_etext+0xfffed30>
10000a38:	200007b7          	lui	a5,0x20000
10000a3c:	00878793          	addi	a5,a5,8 # 20000008 <_etext+0xfffed38>
10000a40:	00100713          	li	a4,1
10000a44:	00e7a023          	sw	a4,0(a5)
10000a48:	250007b7          	lui	a5,0x25000
10000a4c:	00c78793          	addi	a5,a5,12 # 2500000c <_etext+0x14ffed3c>
10000a50:	0007a023          	sw	zero,0(a5)
10000a54:	260007b7          	lui	a5,0x26000
10000a58:	00100713          	li	a4,1
10000a5c:	00e7a023          	sw	a4,0(a5) # 26000000 <_etext+0x15ffed30>
10000a60:	00000013          	nop
10000a64:	260007b7          	lui	a5,0x26000
10000a68:	0007a703          	lw	a4,0(a5) # 26000000 <_etext+0x15ffed30>
10000a6c:	00100793          	li	a5,1
10000a70:	fef70ae3          	beq	a4,a5,10000a64 <main+0x64>
10000a74:	300007b7          	lui	a5,0x30000
10000a78:	01478793          	addi	a5,a5,20 # 30000014 <_etext+0x1fffed44>
10000a7c:	00f00713          	li	a4,15
10000a80:	00e7a023          	sw	a4,0(a5)
10000a84:	fe042423          	sw	zero,-24(s0)
10000a88:	300007b7          	lui	a5,0x30000
10000a8c:	010e0737          	lui	a4,0x10e0
10000a90:	10170713          	addi	a4,a4,257 # 10e0101 <_edata+0xe0101>
10000a94:	00e7a023          	sw	a4,0(a5) # 30000000 <_etext+0x1fffed30>
10000a98:	300007b7          	lui	a5,0x30000
10000a9c:	00478793          	addi	a5,a5,4 # 30000004 <_etext+0x1fffed34>
10000aa0:	00600737          	lui	a4,0x600
10000aa4:	00e7a023          	sw	a4,0(a5)
10000aa8:	300007b7          	lui	a5,0x30000
10000aac:	00c78793          	addi	a5,a5,12 # 3000000c <_etext+0x1fffed3c>
10000ab0:	00100713          	li	a4,1
10000ab4:	00e7a023          	sw	a4,0(a5)
10000ab8:	300007b7          	lui	a5,0x30000
10000abc:	000e0737          	lui	a4,0xe0
10000ac0:	10170713          	addi	a4,a4,257 # e0101 <_edata-0xf1feff>
10000ac4:	00e7a023          	sw	a4,0(a5) # 30000000 <_etext+0x1fffed30>
10000ac8:	300007b7          	lui	a5,0x30000
10000acc:	00478793          	addi	a5,a5,4 # 30000004 <_etext+0x1fffed34>
10000ad0:	00110737          	lui	a4,0x110
10000ad4:	00e7a023          	sw	a4,0(a5)
10000ad8:	300007b7          	lui	a5,0x30000
10000adc:	00c78793          	addi	a5,a5,12 # 3000000c <_etext+0x1fffed3c>
10000ae0:	00100713          	li	a4,1
10000ae4:	00e7a023          	sw	a4,0(a5)
10000ae8:	300007b7          	lui	a5,0x30000
10000aec:	00060737          	lui	a4,0x60
10000af0:	10270713          	addi	a4,a4,258 # 60102 <_edata-0xf9fefe>
10000af4:	00e7a023          	sw	a4,0(a5) # 30000000 <_etext+0x1fffed30>
10000af8:	300007b7          	lui	a5,0x30000
10000afc:	00478793          	addi	a5,a5,4 # 30000004 <_etext+0x1fffed34>
10000b00:	04002737          	lui	a4,0x4002
10000b04:	00170713          	addi	a4,a4,1 # 4002001 <_edata+0x3002001>
10000b08:	00e7a023          	sw	a4,0(a5)
10000b0c:	300007b7          	lui	a5,0x30000
10000b10:	00c78793          	addi	a5,a5,12 # 3000000c <_etext+0x1fffed3c>
10000b14:	00100713          	li	a4,1
10000b18:	00e7a023          	sw	a4,0(a5)
10000b1c:	300007b7          	lui	a5,0x30000
10000b20:	00060737          	lui	a4,0x60
10000b24:	20270713          	addi	a4,a4,514 # 60202 <_edata-0xf9fdfe>
10000b28:	00e7a023          	sw	a4,0(a5) # 30000000 <_etext+0x1fffed30>
10000b2c:	300007b7          	lui	a5,0x30000
10000b30:	00478793          	addi	a5,a5,4 # 30000004 <_etext+0x1fffed34>
10000b34:	00001737          	lui	a4,0x1
10000b38:	00e7a023          	sw	a4,0(a5)
10000b3c:	300007b7          	lui	a5,0x30000
10000b40:	00c78793          	addi	a5,a5,12 # 3000000c <_etext+0x1fffed3c>
10000b44:	00100713          	li	a4,1
10000b48:	00e7a023          	sw	a4,0(a5)
10000b4c:	300007b7          	lui	a5,0x30000
10000b50:	010e0737          	lui	a4,0x10e0
10000b54:	20170713          	addi	a4,a4,513 # 10e0201 <_edata+0xe0201>
10000b58:	00e7a023          	sw	a4,0(a5) # 30000000 <_etext+0x1fffed30>
10000b5c:	300007b7          	lui	a5,0x30000
10000b60:	00478793          	addi	a5,a5,4 # 30000004 <_etext+0x1fffed34>
10000b64:	10000713          	li	a4,256
10000b68:	00e7a023          	sw	a4,0(a5)
10000b6c:	300007b7          	lui	a5,0x30000
10000b70:	00c78793          	addi	a5,a5,12 # 3000000c <_etext+0x1fffed3c>
10000b74:	00100713          	li	a4,1
10000b78:	00e7a023          	sw	a4,0(a5)
10000b7c:	300007b7          	lui	a5,0x30000
10000b80:	010e0737          	lui	a4,0x10e0
10000b84:	00170713          	addi	a4,a4,1 # 10e0001 <_edata+0xe0001>
10000b88:	00e7a023          	sw	a4,0(a5) # 30000000 <_etext+0x1fffed30>
10000b8c:	300007b7          	lui	a5,0x30000
10000b90:	00478793          	addi	a5,a5,4 # 30000004 <_etext+0x1fffed34>
10000b94:	01000737          	lui	a4,0x1000
10000b98:	00e7a023          	sw	a4,0(a5)
10000b9c:	300007b7          	lui	a5,0x30000
10000ba0:	00c78793          	addi	a5,a5,12 # 3000000c <_etext+0x1fffed3c>
10000ba4:	00100713          	li	a4,1
10000ba8:	00e7a023          	sw	a4,0(a5)
10000bac:	300007b7          	lui	a5,0x30000
10000bb0:	00090737          	lui	a4,0x90
10000bb4:	10170713          	addi	a4,a4,257 # 90101 <_edata-0xf6feff>
10000bb8:	00e7a023          	sw	a4,0(a5) # 30000000 <_etext+0x1fffed30>
10000bbc:	300007b7          	lui	a5,0x30000
10000bc0:	00478793          	addi	a5,a5,4 # 30000004 <_etext+0x1fffed34>
10000bc4:	00b00713          	li	a4,11
10000bc8:	00e7a023          	sw	a4,0(a5)
10000bcc:	300007b7          	lui	a5,0x30000
10000bd0:	00c78793          	addi	a5,a5,12 # 3000000c <_etext+0x1fffed3c>
10000bd4:	00100713          	li	a4,1
10000bd8:	00e7a023          	sw	a4,0(a5)
10000bdc:	300007b7          	lui	a5,0x30000
10000be0:	000f0737          	lui	a4,0xf0
10000be4:	10170713          	addi	a4,a4,257 # f0101 <_edata-0xf0feff>
10000be8:	00e7a023          	sw	a4,0(a5) # 30000000 <_etext+0x1fffed30>
10000bec:	300007b7          	lui	a5,0x30000
10000bf0:	00478793          	addi	a5,a5,4 # 30000004 <_etext+0x1fffed34>
10000bf4:	00010737          	lui	a4,0x10
10000bf8:	00270713          	addi	a4,a4,2 # 10002 <_edata-0xfefffe>
10000bfc:	00e7a023          	sw	a4,0(a5)
10000c00:	300007b7          	lui	a5,0x30000
10000c04:	00c78793          	addi	a5,a5,12 # 3000000c <_etext+0x1fffed3c>
10000c08:	00100713          	li	a4,1
10000c0c:	00e7a023          	sw	a4,0(a5)
10000c10:	300007b7          	lui	a5,0x30000
10000c14:	010f0737          	lui	a4,0x10f0
10000c18:	00170713          	addi	a4,a4,1 # 10f0001 <_edata+0xf0001>
10000c1c:	00e7a023          	sw	a4,0(a5) # 30000000 <_etext+0x1fffed30>
10000c20:	300007b7          	lui	a5,0x30000
10000c24:	00478793          	addi	a5,a5,4 # 30000004 <_etext+0x1fffed34>
10000c28:	00008737          	lui	a4,0x8
10000c2c:	00e7a023          	sw	a4,0(a5)
10000c30:	300007b7          	lui	a5,0x30000
10000c34:	00c78793          	addi	a5,a5,12 # 3000000c <_etext+0x1fffed3c>
10000c38:	00100713          	li	a4,1
10000c3c:	00e7a023          	sw	a4,0(a5)
10000c40:	300007b7          	lui	a5,0x30000
10000c44:	010f0737          	lui	a4,0x10f0
10000c48:	10170713          	addi	a4,a4,257 # 10f0101 <_edata+0xf0101>
10000c4c:	00e7a023          	sw	a4,0(a5) # 30000000 <_etext+0x1fffed30>
10000c50:	300007b7          	lui	a5,0x30000
10000c54:	00478793          	addi	a5,a5,4 # 30000004 <_etext+0x1fffed34>
10000c58:	00200713          	li	a4,2
10000c5c:	00e7a023          	sw	a4,0(a5)
10000c60:	300007b7          	lui	a5,0x30000
10000c64:	00c78793          	addi	a5,a5,12 # 3000000c <_etext+0x1fffed3c>
10000c68:	00100713          	li	a4,1
10000c6c:	00e7a023          	sw	a4,0(a5)
10000c70:	300007b7          	lui	a5,0x30000
10000c74:	00050737          	lui	a4,0x50
10000c78:	10270713          	addi	a4,a4,258 # 50102 <_edata-0xfafefe>
10000c7c:	00e7a023          	sw	a4,0(a5) # 30000000 <_etext+0x1fffed30>
10000c80:	300007b7          	lui	a5,0x30000
10000c84:	00478793          	addi	a5,a5,4 # 30000004 <_etext+0x1fffed34>
10000c88:	00400713          	li	a4,4
10000c8c:	00e7a023          	sw	a4,0(a5)
10000c90:	300007b7          	lui	a5,0x30000
10000c94:	00c78793          	addi	a5,a5,12 # 3000000c <_etext+0x1fffed3c>
10000c98:	00100713          	li	a4,1
10000c9c:	00e7a023          	sw	a4,0(a5)
10000ca0:	300007b7          	lui	a5,0x30000
10000ca4:	00070737          	lui	a4,0x70
10000ca8:	10270713          	addi	a4,a4,258 # 70102 <_edata-0xf8fefe>
10000cac:	00e7a023          	sw	a4,0(a5) # 30000000 <_etext+0x1fffed30>
10000cb0:	300007b7          	lui	a5,0x30000
10000cb4:	00478793          	addi	a5,a5,4 # 30000004 <_etext+0x1fffed34>
10000cb8:	1000c737          	lui	a4,0x1000c
10000cbc:	00e7a023          	sw	a4,0(a5)
10000cc0:	300007b7          	lui	a5,0x30000
10000cc4:	00c78793          	addi	a5,a5,12 # 3000000c <_etext+0x1fffed3c>
10000cc8:	00100713          	li	a4,1
10000ccc:	00e7a023          	sw	a4,0(a5)
10000cd0:	300007b7          	lui	a5,0x30000
10000cd4:	01070737          	lui	a4,0x1070
10000cd8:	10270713          	addi	a4,a4,258 # 1070102 <_edata+0x70102>
10000cdc:	00e7a023          	sw	a4,0(a5) # 30000000 <_etext+0x1fffed30>
10000ce0:	300007b7          	lui	a5,0x30000
10000ce4:	00478793          	addi	a5,a5,4 # 30000004 <_etext+0x1fffed34>
10000ce8:	00400713          	li	a4,4
10000cec:	00e7a023          	sw	a4,0(a5)
10000cf0:	300007b7          	lui	a5,0x30000
10000cf4:	00c78793          	addi	a5,a5,12 # 3000000c <_etext+0x1fffed3c>
10000cf8:	00100713          	li	a4,1
10000cfc:	00e7a023          	sw	a4,0(a5)
10000d00:	300007b7          	lui	a5,0x30000
10000d04:	01060737          	lui	a4,0x1060
10000d08:	20270713          	addi	a4,a4,514 # 1060202 <_edata+0x60202>
10000d0c:	00e7a023          	sw	a4,0(a5) # 30000000 <_etext+0x1fffed30>
10000d10:	300007b7          	lui	a5,0x30000
10000d14:	00478793          	addi	a5,a5,4 # 30000004 <_etext+0x1fffed34>
10000d18:	00100713          	li	a4,1
10000d1c:	00e7a023          	sw	a4,0(a5)
10000d20:	300007b7          	lui	a5,0x30000
10000d24:	00c78793          	addi	a5,a5,12 # 3000000c <_etext+0x1fffed3c>
10000d28:	00100713          	li	a4,1
10000d2c:	00e7a023          	sw	a4,0(a5)
10000d30:	300007b7          	lui	a5,0x30000
10000d34:	53000737          	lui	a4,0x53000
10000d38:	10170713          	addi	a4,a4,257 # 53000101 <_etext+0x42ffee31>
10000d3c:	00e7a023          	sw	a4,0(a5) # 30000000 <_etext+0x1fffed30>
10000d40:	300007b7          	lui	a5,0x30000
10000d44:	00478793          	addi	a5,a5,4 # 30000004 <_etext+0x1fffed34>
10000d48:	01000737          	lui	a4,0x1000
10000d4c:	00e7a023          	sw	a4,0(a5)
10000d50:	300007b7          	lui	a5,0x30000
10000d54:	00c78793          	addi	a5,a5,12 # 3000000c <_etext+0x1fffed3c>
10000d58:	00100713          	li	a4,1
10000d5c:	00e7a023          	sw	a4,0(a5)
10000d60:	300007b7          	lui	a5,0x30000
10000d64:	04000737          	lui	a4,0x4000
10000d68:	10170713          	addi	a4,a4,257 # 4000101 <_edata+0x3000101>
10000d6c:	00e7a023          	sw	a4,0(a5) # 30000000 <_etext+0x1fffed30>
10000d70:	300007b7          	lui	a5,0x30000
10000d74:	00478793          	addi	a5,a5,4 # 30000004 <_etext+0x1fffed34>
10000d78:	04000713          	li	a4,64
10000d7c:	00e7a023          	sw	a4,0(a5)
10000d80:	300007b7          	lui	a5,0x30000
10000d84:	00c78793          	addi	a5,a5,12 # 3000000c <_etext+0x1fffed3c>
10000d88:	00100713          	li	a4,1
10000d8c:	00e7a023          	sw	a4,0(a5)
10000d90:	300007b7          	lui	a5,0x30000
10000d94:	10100713          	li	a4,257
10000d98:	00e7a023          	sw	a4,0(a5) # 30000000 <_etext+0x1fffed30>
10000d9c:	300007b7          	lui	a5,0x30000
10000da0:	00478793          	addi	a5,a5,4 # 30000004 <_etext+0x1fffed34>
10000da4:	00100737          	lui	a4,0x100
10000da8:	00e7a023          	sw	a4,0(a5)
10000dac:	300007b7          	lui	a5,0x30000
10000db0:	00c78793          	addi	a5,a5,12 # 3000000c <_etext+0x1fffed3c>
10000db4:	00100713          	li	a4,1
10000db8:	00e7a023          	sw	a4,0(a5)
10000dbc:	300007b7          	lui	a5,0x30000
10000dc0:	05000737          	lui	a4,0x5000
10000dc4:	10170713          	addi	a4,a4,257 # 5000101 <_edata+0x4000101>
10000dc8:	00e7a023          	sw	a4,0(a5) # 30000000 <_etext+0x1fffed30>
10000dcc:	300007b7          	lui	a5,0x30000
10000dd0:	00478793          	addi	a5,a5,4 # 30000004 <_etext+0x1fffed34>
10000dd4:	00010737          	lui	a4,0x10
10000dd8:	00170713          	addi	a4,a4,1 # 10001 <_edata-0xfeffff>
10000ddc:	00e7a023          	sw	a4,0(a5)
10000de0:	300007b7          	lui	a5,0x30000
10000de4:	00c78793          	addi	a5,a5,12 # 3000000c <_etext+0x1fffed3c>
10000de8:	00100713          	li	a4,1
10000dec:	00e7a023          	sw	a4,0(a5)
10000df0:	300007b7          	lui	a5,0x30000
10000df4:	01000737          	lui	a4,0x1000
10000df8:	10170713          	addi	a4,a4,257 # 1000101 <_edata+0x101>
10000dfc:	00e7a023          	sw	a4,0(a5) # 30000000 <_etext+0x1fffed30>
10000e00:	300007b7          	lui	a5,0x30000
10000e04:	00478793          	addi	a5,a5,4 # 30000004 <_etext+0x1fffed34>
10000e08:	003e0737          	lui	a4,0x3e0
10000e0c:	03e70713          	addi	a4,a4,62 # 3e003e <_edata-0xc1ffc2>
10000e10:	00e7a023          	sw	a4,0(a5)
10000e14:	300007b7          	lui	a5,0x30000
10000e18:	00c78793          	addi	a5,a5,12 # 3000000c <_etext+0x1fffed3c>
10000e1c:	00100713          	li	a4,1
10000e20:	00e7a023          	sw	a4,0(a5)
10000e24:	300007b7          	lui	a5,0x30000
10000e28:	10200713          	li	a4,258
10000e2c:	00e7a023          	sw	a4,0(a5) # 30000000 <_etext+0x1fffed30>
10000e30:	300007b7          	lui	a5,0x30000
10000e34:	00478793          	addi	a5,a5,4 # 30000004 <_etext+0x1fffed34>
10000e38:	06000737          	lui	a4,0x6000
10000e3c:	00e7a023          	sw	a4,0(a5)
10000e40:	300007b7          	lui	a5,0x30000
10000e44:	00c78793          	addi	a5,a5,12 # 3000000c <_etext+0x1fffed3c>
10000e48:	00100713          	li	a4,1
10000e4c:	00e7a023          	sw	a4,0(a5)
10000e50:	300007b7          	lui	a5,0x30000
10000e54:	01000737          	lui	a4,0x1000
10000e58:	10270713          	addi	a4,a4,258 # 1000102 <_edata+0x102>
10000e5c:	00e7a023          	sw	a4,0(a5) # 30000000 <_etext+0x1fffed30>
10000e60:	300007b7          	lui	a5,0x30000
10000e64:	00478793          	addi	a5,a5,4 # 30000004 <_etext+0x1fffed34>
10000e68:	20000713          	li	a4,512
10000e6c:	00e7a023          	sw	a4,0(a5)
10000e70:	300007b7          	lui	a5,0x30000
10000e74:	00c78793          	addi	a5,a5,12 # 3000000c <_etext+0x1fffed3c>
10000e78:	00100713          	li	a4,1
10000e7c:	00e7a023          	sw	a4,0(a5)
10000e80:	300007b7          	lui	a5,0x30000
10000e84:	00060737          	lui	a4,0x60
10000e88:	10270713          	addi	a4,a4,258 # 60102 <_edata-0xf9fefe>
10000e8c:	00e7a023          	sw	a4,0(a5) # 30000000 <_etext+0x1fffed30>
10000e90:	300007b7          	lui	a5,0x30000
10000e94:	01078793          	addi	a5,a5,16 # 30000010 <_etext+0x1fffed40>
10000e98:	00100713          	li	a4,1
10000e9c:	00e7a023          	sw	a4,0(a5)
10000ea0:	300007b7          	lui	a5,0x30000
10000ea4:	00878793          	addi	a5,a5,8 # 30000008 <_etext+0x1fffed38>
10000ea8:	0007a783          	lw	a5,0(a5)
10000eac:	fef42223          	sw	a5,-28(s0)
10000eb0:	fe442703          	lw	a4,-28(s0)
10000eb4:	040027b7          	lui	a5,0x4002
10000eb8:	00178793          	addi	a5,a5,1 # 4002001 <_edata+0x3002001>
10000ebc:	00f70663          	beq	a4,a5,10000ec8 <main+0x4c8>
10000ec0:	00300793          	li	a5,3
10000ec4:	fef42423          	sw	a5,-24(s0)
10000ec8:	300007b7          	lui	a5,0x30000
10000ecc:	00060737          	lui	a4,0x60
10000ed0:	20270713          	addi	a4,a4,514 # 60202 <_edata-0xf9fdfe>
10000ed4:	00e7a023          	sw	a4,0(a5) # 30000000 <_etext+0x1fffed30>
10000ed8:	300007b7          	lui	a5,0x30000
10000edc:	01078793          	addi	a5,a5,16 # 30000010 <_etext+0x1fffed40>
10000ee0:	00100713          	li	a4,1
10000ee4:	00e7a023          	sw	a4,0(a5)
10000ee8:	300007b7          	lui	a5,0x30000
10000eec:	00878793          	addi	a5,a5,8 # 30000008 <_etext+0x1fffed38>
10000ef0:	0007a783          	lw	a5,0(a5)
10000ef4:	fef42223          	sw	a5,-28(s0)
10000ef8:	fe442703          	lw	a4,-28(s0)
10000efc:	000017b7          	lui	a5,0x1
10000f00:	00f70663          	beq	a4,a5,10000f0c <main+0x50c>
10000f04:	00400793          	li	a5,4
10000f08:	fef42423          	sw	a5,-24(s0)
10000f0c:	300007b7          	lui	a5,0x30000
10000f10:	00090737          	lui	a4,0x90
10000f14:	10170713          	addi	a4,a4,257 # 90101 <_edata-0xf6feff>
10000f18:	00e7a023          	sw	a4,0(a5) # 30000000 <_etext+0x1fffed30>
10000f1c:	300007b7          	lui	a5,0x30000
10000f20:	01078793          	addi	a5,a5,16 # 30000010 <_etext+0x1fffed40>
10000f24:	00100713          	li	a4,1
10000f28:	00e7a023          	sw	a4,0(a5)
10000f2c:	300007b7          	lui	a5,0x30000
10000f30:	00878793          	addi	a5,a5,8 # 30000008 <_etext+0x1fffed38>
10000f34:	0007a783          	lw	a5,0(a5)
10000f38:	fef42223          	sw	a5,-28(s0)
10000f3c:	fe442703          	lw	a4,-28(s0)
10000f40:	00b00793          	li	a5,11
10000f44:	00f70663          	beq	a4,a5,10000f50 <main+0x550>
10000f48:	00700793          	li	a5,7
10000f4c:	fef42423          	sw	a5,-24(s0)
10000f50:	300007b7          	lui	a5,0x30000
10000f54:	00050737          	lui	a4,0x50
10000f58:	10270713          	addi	a4,a4,258 # 50102 <_edata-0xfafefe>
10000f5c:	00e7a023          	sw	a4,0(a5) # 30000000 <_etext+0x1fffed30>
10000f60:	300007b7          	lui	a5,0x30000
10000f64:	01078793          	addi	a5,a5,16 # 30000010 <_etext+0x1fffed40>
10000f68:	00100713          	li	a4,1
10000f6c:	00e7a023          	sw	a4,0(a5)
10000f70:	300007b7          	lui	a5,0x30000
10000f74:	00878793          	addi	a5,a5,8 # 30000008 <_etext+0x1fffed38>
10000f78:	0007a783          	lw	a5,0(a5)
10000f7c:	fef42223          	sw	a5,-28(s0)
10000f80:	fe442703          	lw	a4,-28(s0)
10000f84:	00400793          	li	a5,4
10000f88:	00f70663          	beq	a4,a5,10000f94 <main+0x594>
10000f8c:	00b00793          	li	a5,11
10000f90:	fef42423          	sw	a5,-24(s0)
10000f94:	300007b7          	lui	a5,0x30000
10000f98:	00070737          	lui	a4,0x70
10000f9c:	10270713          	addi	a4,a4,258 # 70102 <_edata-0xf8fefe>
10000fa0:	00e7a023          	sw	a4,0(a5) # 30000000 <_etext+0x1fffed30>
10000fa4:	300007b7          	lui	a5,0x30000
10000fa8:	01078793          	addi	a5,a5,16 # 30000010 <_etext+0x1fffed40>
10000fac:	00100713          	li	a4,1
10000fb0:	00e7a023          	sw	a4,0(a5)
10000fb4:	300007b7          	lui	a5,0x30000
10000fb8:	00878793          	addi	a5,a5,8 # 30000008 <_etext+0x1fffed38>
10000fbc:	0007a783          	lw	a5,0(a5)
10000fc0:	fef42223          	sw	a5,-28(s0)
10000fc4:	fe442703          	lw	a4,-28(s0)
10000fc8:	1000c7b7          	lui	a5,0x1000c
10000fcc:	00f70663          	beq	a4,a5,10000fd8 <main+0x5d8>
10000fd0:	00c00793          	li	a5,12
10000fd4:	fef42423          	sw	a5,-24(s0)
10000fd8:	300007b7          	lui	a5,0x30000
10000fdc:	01070737          	lui	a4,0x1070
10000fe0:	10270713          	addi	a4,a4,258 # 1070102 <_edata+0x70102>
10000fe4:	00e7a023          	sw	a4,0(a5) # 30000000 <_etext+0x1fffed30>
10000fe8:	300007b7          	lui	a5,0x30000
10000fec:	01078793          	addi	a5,a5,16 # 30000010 <_etext+0x1fffed40>
10000ff0:	00100713          	li	a4,1
10000ff4:	00e7a023          	sw	a4,0(a5)
10000ff8:	300007b7          	lui	a5,0x30000
10000ffc:	00878793          	addi	a5,a5,8 # 30000008 <_etext+0x1fffed38>
10001000:	0007a783          	lw	a5,0(a5)
10001004:	fef42223          	sw	a5,-28(s0)
10001008:	fe442703          	lw	a4,-28(s0)
1000100c:	00400793          	li	a5,4
10001010:	00f70663          	beq	a4,a5,1000101c <main+0x61c>
10001014:	00d00793          	li	a5,13
10001018:	fef42423          	sw	a5,-24(s0)
1000101c:	300007b7          	lui	a5,0x30000
10001020:	01060737          	lui	a4,0x1060
10001024:	20270713          	addi	a4,a4,514 # 1060202 <_edata+0x60202>
10001028:	00e7a023          	sw	a4,0(a5) # 30000000 <_etext+0x1fffed30>
1000102c:	300007b7          	lui	a5,0x30000
10001030:	01078793          	addi	a5,a5,16 # 30000010 <_etext+0x1fffed40>
10001034:	00100713          	li	a4,1
10001038:	00e7a023          	sw	a4,0(a5)
1000103c:	300007b7          	lui	a5,0x30000
10001040:	00878793          	addi	a5,a5,8 # 30000008 <_etext+0x1fffed38>
10001044:	0007a783          	lw	a5,0(a5)
10001048:	fef42223          	sw	a5,-28(s0)
1000104c:	fe442703          	lw	a4,-28(s0)
10001050:	00100793          	li	a5,1
10001054:	00f70663          	beq	a4,a5,10001060 <main+0x660>
10001058:	00e00793          	li	a5,14
1000105c:	fef42423          	sw	a5,-24(s0)
10001060:	300007b7          	lui	a5,0x30000
10001064:	04000737          	lui	a4,0x4000
10001068:	10170713          	addi	a4,a4,257 # 4000101 <_edata+0x3000101>
1000106c:	00e7a023          	sw	a4,0(a5) # 30000000 <_etext+0x1fffed30>
10001070:	300007b7          	lui	a5,0x30000
10001074:	01078793          	addi	a5,a5,16 # 30000010 <_etext+0x1fffed40>
10001078:	00100713          	li	a4,1
1000107c:	00e7a023          	sw	a4,0(a5)
10001080:	300007b7          	lui	a5,0x30000
10001084:	00878793          	addi	a5,a5,8 # 30000008 <_etext+0x1fffed38>
10001088:	0007a783          	lw	a5,0(a5)
1000108c:	fef42223          	sw	a5,-28(s0)
10001090:	fe442703          	lw	a4,-28(s0)
10001094:	04000793          	li	a5,64
10001098:	00f70663          	beq	a4,a5,100010a4 <main+0x6a4>
1000109c:	01000793          	li	a5,16
100010a0:	fef42423          	sw	a5,-24(s0)
100010a4:	300007b7          	lui	a5,0x30000
100010a8:	10100713          	li	a4,257
100010ac:	00e7a023          	sw	a4,0(a5) # 30000000 <_etext+0x1fffed30>
100010b0:	300007b7          	lui	a5,0x30000
100010b4:	01078793          	addi	a5,a5,16 # 30000010 <_etext+0x1fffed40>
100010b8:	00100713          	li	a4,1
100010bc:	00e7a023          	sw	a4,0(a5)
100010c0:	300007b7          	lui	a5,0x30000
100010c4:	00878793          	addi	a5,a5,8 # 30000008 <_etext+0x1fffed38>
100010c8:	0007a783          	lw	a5,0(a5)
100010cc:	fef42223          	sw	a5,-28(s0)
100010d0:	fe442703          	lw	a4,-28(s0)
100010d4:	001007b7          	lui	a5,0x100
100010d8:	00f70663          	beq	a4,a5,100010e4 <main+0x6e4>
100010dc:	01100793          	li	a5,17
100010e0:	fef42423          	sw	a5,-24(s0)
100010e4:	300007b7          	lui	a5,0x30000
100010e8:	05000737          	lui	a4,0x5000
100010ec:	10170713          	addi	a4,a4,257 # 5000101 <_edata+0x4000101>
100010f0:	00e7a023          	sw	a4,0(a5) # 30000000 <_etext+0x1fffed30>
100010f4:	300007b7          	lui	a5,0x30000
100010f8:	01078793          	addi	a5,a5,16 # 30000010 <_etext+0x1fffed40>
100010fc:	00100713          	li	a4,1
10001100:	00e7a023          	sw	a4,0(a5)
10001104:	300007b7          	lui	a5,0x30000
10001108:	00878793          	addi	a5,a5,8 # 30000008 <_etext+0x1fffed38>
1000110c:	0007a783          	lw	a5,0(a5)
10001110:	fef42223          	sw	a5,-28(s0)
10001114:	fe442703          	lw	a4,-28(s0)
10001118:	000107b7          	lui	a5,0x10
1000111c:	00178793          	addi	a5,a5,1 # 10001 <_edata-0xfeffff>
10001120:	00f70663          	beq	a4,a5,1000112c <main+0x72c>
10001124:	01200793          	li	a5,18
10001128:	fef42423          	sw	a5,-24(s0)
1000112c:	300007b7          	lui	a5,0x30000
10001130:	01000737          	lui	a4,0x1000
10001134:	10170713          	addi	a4,a4,257 # 1000101 <_edata+0x101>
10001138:	00e7a023          	sw	a4,0(a5) # 30000000 <_etext+0x1fffed30>
1000113c:	300007b7          	lui	a5,0x30000
10001140:	01078793          	addi	a5,a5,16 # 30000010 <_etext+0x1fffed40>
10001144:	00100713          	li	a4,1
10001148:	00e7a023          	sw	a4,0(a5)
1000114c:	300007b7          	lui	a5,0x30000
10001150:	00878793          	addi	a5,a5,8 # 30000008 <_etext+0x1fffed38>
10001154:	0007a783          	lw	a5,0(a5)
10001158:	fef42223          	sw	a5,-28(s0)
1000115c:	fe442703          	lw	a4,-28(s0)
10001160:	003e07b7          	lui	a5,0x3e0
10001164:	03e78793          	addi	a5,a5,62 # 3e003e <_edata-0xc1ffc2>
10001168:	00f70663          	beq	a4,a5,10001174 <main+0x774>
1000116c:	01300793          	li	a5,19
10001170:	fef42423          	sw	a5,-24(s0)
10001174:	300007b7          	lui	a5,0x30000
10001178:	10200713          	li	a4,258
1000117c:	00e7a023          	sw	a4,0(a5) # 30000000 <_etext+0x1fffed30>
10001180:	300007b7          	lui	a5,0x30000
10001184:	01078793          	addi	a5,a5,16 # 30000010 <_etext+0x1fffed40>
10001188:	00100713          	li	a4,1
1000118c:	00e7a023          	sw	a4,0(a5)
10001190:	300007b7          	lui	a5,0x30000
10001194:	00878793          	addi	a5,a5,8 # 30000008 <_etext+0x1fffed38>
10001198:	0007a783          	lw	a5,0(a5)
1000119c:	fef42223          	sw	a5,-28(s0)
100011a0:	fe442703          	lw	a4,-28(s0)
100011a4:	060007b7          	lui	a5,0x6000
100011a8:	00f70663          	beq	a4,a5,100011b4 <main+0x7b4>
100011ac:	01400793          	li	a5,20
100011b0:	fef42423          	sw	a5,-24(s0)
100011b4:	300007b7          	lui	a5,0x30000
100011b8:	01000737          	lui	a4,0x1000
100011bc:	10270713          	addi	a4,a4,258 # 1000102 <_edata+0x102>
100011c0:	00e7a023          	sw	a4,0(a5) # 30000000 <_etext+0x1fffed30>
100011c4:	300007b7          	lui	a5,0x30000
100011c8:	01078793          	addi	a5,a5,16 # 30000010 <_etext+0x1fffed40>
100011cc:	00100713          	li	a4,1
100011d0:	00e7a023          	sw	a4,0(a5)
100011d4:	300007b7          	lui	a5,0x30000
100011d8:	00878793          	addi	a5,a5,8 # 30000008 <_etext+0x1fffed38>
100011dc:	0007a783          	lw	a5,0(a5)
100011e0:	fef42223          	sw	a5,-28(s0)
100011e4:	fe442703          	lw	a4,-28(s0)
100011e8:	20000793          	li	a5,512
100011ec:	00f70663          	beq	a4,a5,100011f8 <main+0x7f8>
100011f0:	01500793          	li	a5,21
100011f4:	fef42423          	sw	a5,-24(s0)
100011f8:	07c00513          	li	a0,124
100011fc:	f81fe0ef          	jal	ra,1000017c <putchar>
10001200:	02d00513          	li	a0,45
10001204:	f79fe0ef          	jal	ra,1000017c <putchar>
10001208:	fe842783          	lw	a5,-24(s0)
1000120c:	04f05463          	blez	a5,10001254 <main+0x854>
10001210:	100017b7          	lui	a5,0x10001
10001214:	2b878513          	addi	a0,a5,696 # 100012b8 <main+0x8b8>
10001218:	fb1fe0ef          	jal	ra,100001c8 <print>
1000121c:	fe842783          	lw	a5,-24(s0)
10001220:	00078513          	mv	a0,a5
10001224:	878ff0ef          	jal	ra,1000029c <print_dec>
10001228:	100017b7          	lui	a5,0x10001
1000122c:	2c078513          	addi	a0,a5,704 # 100012c0 <main+0x8c0>
10001230:	f99fe0ef          	jal	ra,100001c8 <print>
10001234:	fe042783          	lw	a5,-32(s0)
10001238:	00800593          	li	a1,8
1000123c:	00078513          	mv	a0,a5
10001240:	fd9fe0ef          	jal	ra,10000218 <print_hex>
10001244:	100017b7          	lui	a5,0x10001
10001248:	2c078513          	addi	a0,a5,704 # 100012c0 <main+0x8c0>
1000124c:	f7dfe0ef          	jal	ra,100001c8 <print>
10001250:	0240006f          	j	10001274 <main+0x874>
10001254:	100017b7          	lui	a5,0x10001
10001258:	2c478513          	addi	a0,a5,708 # 100012c4 <main+0x8c4>
1000125c:	f6dfe0ef          	jal	ra,100001c8 <print>
10001260:	fe442503          	lw	a0,-28(s0)
10001264:	838ff0ef          	jal	ra,1000029c <print_dec>
10001268:	100017b7          	lui	a5,0x10001
1000126c:	2c078513          	addi	a0,a5,704 # 100012c0 <main+0x8c0>
10001270:	f59fe0ef          	jal	ra,100001c8 <print>
10001274:	fe042623          	sw	zero,-20(s0)
10001278:	0100006f          	j	10001288 <main+0x888>
1000127c:	fec42783          	lw	a5,-20(s0)
10001280:	00178793          	addi	a5,a5,1
10001284:	fef42623          	sw	a5,-20(s0)
10001288:	fec42703          	lw	a4,-20(s0)
1000128c:	000027b7          	lui	a5,0x2
10001290:	70f78793          	addi	a5,a5,1807 # 270f <_edata-0xffd8f1>
10001294:	fee7d4e3          	bge	a5,a4,1000127c <main+0x87c>
10001298:	f61ff06f          	j	100011f8 <main+0x7f8>
1000129c:	3130                	fld	fa2,96(a0)
1000129e:	3332                	fld	ft6,296(sp)
100012a0:	3534                	fld	fa3,104(a0)
100012a2:	3736                	fld	fa4,360(sp)
100012a4:	3938                	fld	fa4,112(a0)
100012a6:	6261                	lui	tp,0x18
100012a8:	66656463          	bltu	a0,t1,10001910 <_etext+0x640>
100012ac:	0000                	unimp
100012ae:	0000                	unimp
100012b0:	5245564f          	fnmadd.d	fa2,fa0,ft4,fa0,unknown
100012b4:	0000                	unimp
100012b6:	0000                	unimp
100012b8:	6166                	flw	ft2,88(sp)
100012ba:	6c69                	lui	s8,0x1a
100012bc:	6465                	lui	s0,0x19
100012be:	000a                	c.slli	zero,0x2
100012c0:	000a                	c.slli	zero,0x2
100012c2:	0000                	unimp
100012c4:	63637573          	csrrci	a0,0x636,6
100012c8:	7365                	lui	t1,0xffff9
100012ca:	000a2173          	csrrs	sp,ustatus,s4
	...

Disassembly of section .comment:

00000000 <.comment>:
   0:	3a434347          	fmsub.d	ft6,ft6,ft4,ft7,rmm
   4:	2820                	fld	fs0,80(s0)
   6:	29554e47          	fmsub.s	ft8,fa0,fs5,ft5,rmm
   a:	3820                	fld	fs0,112(s0)
   c:	322e                	fld	ft4,232(sp)
   e:	302e                	fld	ft0,232(sp)
	...
